app/build/intermediates/manifest_merge_blame_file/debug/manifest-merger-blame-debug-report.txt
1<?xml version="1.0" encoding="utf-8"?>
2<manifest xmlns:android="http://schemas.android.com/apk/res/android"
3    package="com.example.sweetfish"
4    android:versionCode="1"
5    android:versionName="1.0" >
6
7    <uses-sdk
8        android:minSdkVersion="24"
8-->src\main\AndroidManifest.xml
9        android:targetSdkVersion="33" />
9-->src\main\AndroidManifest.xml
10
11    <uses-permission android:name="android.permission.INTERNET" />
11-->src\main\AndroidManifest.xml:5:5-67
11-->src\main\AndroidManifest.xml:5:22-64
12    <uses-permission android:name="android.permission.READ_EXTERNAL_STORAGE" />
12-->src\main\AndroidManifest.xml:6:5-80
12-->src\main\AndroidManifest.xml:6:22-77
13    <uses-permission android:name="android.permission.ACCESS_NETWORK_STATE" />
13-->src\main\AndroidManifest.xml:7:5-79
13-->src\main\AndroidManifest.xml:7:22-76
14    <uses-permission android:name="android.permission.READ_MEDIA_IMAGES" />
14-->src\main\AndroidManifest.xml:8:5-76
14-->src\main\AndroidManifest.xml:8:22-73
15    <uses-permission android:name="android.permission.READ_MEDIA_AUDIO" />
15-->src\main\AndroidManifest.xml:9:5-75
15-->src\main\AndroidManifest.xml:9:22-72
16    <uses-permission android:name="android.permission.READ_MEDIA_VIDEO" />
16-->src\main\AndroidManifest.xml:10:5-75
16-->src\main\AndroidManifest.xml:10:22-72
17
18    <permission
18-->[androidx.core:core:1.10.0] AndroidManifest.xml:22:5-24:47
19        android:name="com.example.sweetfish.DYNAMIC_RECEIVER_NOT_EXPORTED_PERMISSION"
19-->[androidx.core:core:1.10.0] AndroidManifest.xml:23:9-81
20        android:protectionLevel="signature" />
20-->[androidx.core:core:1.10.0] AndroidManifest.xml:24:9-44
21
22    <uses-permission android:name="com.example.sweetfish.DYNAMIC_RECEIVER_NOT_EXPORTED_PERMISSION" />
22-->[androidx.core:core:1.10.0] AndroidManifest.xml:26:5-97
22-->[androidx.core:core:1.10.0] AndroidManifest.xml:26:22-94
23
24    <application
24-->src\main\AndroidManifest.xml:12:5-89:19
25        android:allowBackup="true"
25-->src\main\AndroidManifest.xml:13:9-35
26        android:appComponentFactory="androidx.core.app.CoreComponentFactory"
26-->[androidx.core:core:1.10.0] AndroidManifest.xml:28:18-86
27        android:dataExtractionRules="@xml/data_extraction_rules"
27-->src\main\AndroidManifest.xml:14:9-65
28        android:debuggable="true"
29        android:extractNativeLibs="false"
30        android:fullBackupContent="@xml/backup_rules"
30-->src\main\AndroidManifest.xml:15:9-54
31        android:icon="@mipmap/ic_launcher"
31-->src\main\AndroidManifest.xml:16:9-43
32        android:label="@string/app_name"
32-->src\main\AndroidManifest.xml:17:9-41
33        android:supportsRtl="true"
33-->src\main\AndroidManifest.xml:18:9-35
34        android:testOnly="true"
35        android:theme="@style/Theme.SweetFish"
35-->src\main\AndroidManifest.xml:19:9-47
36        android:usesCleartextTraffic="true" >
36-->src\main\AndroidManifest.xml:20:9-44
37        <activity
37-->src\main\AndroidManifest.xml:22:9-24:40
38            android:name="com.example.sweetfish.MyGivenActivity"
38-->src\main\AndroidManifest.xml:23:13-44
39            android:exported="false" />
39-->src\main\AndroidManifest.xml:24:13-37
40        <activity
40-->src\main\AndroidManifest.xml:25:9-27:40
41            android:name="com.example.sweetfish.TopUpActivity"
41-->src\main\AndroidManifest.xml:26:13-42
42            android:exported="false" />
42-->src\main\AndroidManifest.xml:27:13-37
43        <activity
43-->src\main\AndroidManifest.xml:28:9-30:40
44            android:name="com.example.sweetfish.PublishedActivity"
44-->src\main\AndroidManifest.xml:29:13-46
45            android:exported="false" />
45-->src\main\AndroidManifest.xml:30:13-37
46        <activity
46-->src\main\AndroidManifest.xml:31:9-33:40
47            android:name="com.example.sweetfish.SoldActivity"
47-->src\main\AndroidManifest.xml:32:13-41
48            android:exported="false" />
48-->src\main\AndroidManifest.xml:33:13-37
49        <activity
49-->src\main\AndroidManifest.xml:34:9-36:40
50            android:name="com.example.sweetfish.CollectActivity"
50-->src\main\AndroidManifest.xml:35:13-44
51            android:exported="false" />
51-->src\main\AndroidManifest.xml:36:13-37
52        <activity
52-->src\main\AndroidManifest.xml:37:9-39:40
53            android:name="com.example.sweetfish.RealNameAuthenticationActivity"
53-->src\main\AndroidManifest.xml:38:13-59
54            android:exported="false" />
54-->src\main\AndroidManifest.xml:39:13-37
55        <activity
55-->src\main\AndroidManifest.xml:40:9-42:40
56            android:name="com.example.sweetfish.ChangePasswordActivity"
56-->src\main\AndroidManifest.xml:41:13-51
57            android:exported="false" />
57-->src\main\AndroidManifest.xml:42:13-37
58        <activity
58-->src\main\AndroidManifest.xml:43:9-45:40
59            android:name="com.example.sweetfish.SettingActivity"
59-->src\main\AndroidManifest.xml:44:13-44
60            android:exported="false" />
60-->src\main\AndroidManifest.xml:45:13-37
61        <activity
61-->src\main\AndroidManifest.xml:46:9-48:40
62            android:name="com.example.sweetfish.ChatActivity"
62-->src\main\AndroidManifest.xml:47:13-41
63            android:exported="false" />
63-->src\main\AndroidManifest.xml:48:13-37
64        <activity
64-->src\main\AndroidManifest.xml:49:9-51:40
65            android:name="com.example.sweetfish.PhotoActivity"
65-->src\main\AndroidManifest.xml:50:13-42
66            android:exported="false" />
66-->src\main\AndroidManifest.xml:51:13-37
67        <activity
67-->src\main\AndroidManifest.xml:52:9-54:40
68            android:name="com.example.sweetfish.SearchActivity"
68-->src\main\AndroidManifest.xml:53:13-43
69            android:exported="false" />
69-->src\main\AndroidManifest.xml:54:13-37
70        <activity
70-->src\main\AndroidManifest.xml:55:9-58:72
71            android:name="com.yalantis.ucrop.UCropActivity"
71-->src\main\AndroidManifest.xml:56:13-60
72            android:screenOrientation="portrait"
72-->src\main\AndroidManifest.xml:57:13-49
73            android:theme="@style/Theme.AppCompat.Light.NoActionBar" />
73-->src\main\AndroidManifest.xml:58:13-69
74        <activity
74-->src\main\AndroidManifest.xml:59:9-61:40
75            android:name="com.example.sweetfish.DetailActivity"
75-->src\main\AndroidManifest.xml:60:13-43
76            android:exported="false" />
76-->src\main\AndroidManifest.xml:61:13-37
77        <activity
77-->src\main\AndroidManifest.xml:62:9-64:40
78            android:name="com.example.sweetfish.SpaceActivity"
78-->src\main\AndroidManifest.xml:63:13-42
79            android:exported="false" />
79-->src\main\AndroidManifest.xml:64:13-37
80        <activity
80-->src\main\AndroidManifest.xml:65:9-67:40
81            android:name="com.example.sweetfish.ManagementActivity"
81-->src\main\AndroidManifest.xml:66:13-47
82            android:exported="false" />
82-->src\main\AndroidManifest.xml:67:13-37
83        <activity
83-->src\main\AndroidManifest.xml:68:9-70:40
84            android:name="com.example.sweetfish.PurchasedActivity"
84-->src\main\AndroidManifest.xml:69:13-46
85            android:exported="false" />
85-->src\main\AndroidManifest.xml:70:13-37
86        <activity
86-->src\main\AndroidManifest.xml:71:9-73:40
87            android:name="com.example.sweetfish.UploadActivity"
87-->src\main\AndroidManifest.xml:72:13-43
88            android:exported="false" />
88-->src\main\AndroidManifest.xml:73:13-37
89        <activity
89-->src\main\AndroidManifest.xml:74:9-76:40
90            android:name="com.example.sweetfish.RegisterActivity"
90-->src\main\AndroidManifest.xml:75:13-45
91            android:exported="false" />
91-->src\main\AndroidManifest.xml:76:13-37
92        <activity
92-->src\main\AndroidManifest.xml:77:9-85:20
93            android:name="com.example.sweetfish.LoginActivity"
93-->src\main\AndroidManifest.xml:78:13-42
94            android:exported="true" >
94-->src\main\AndroidManifest.xml:79:13-36
95            <intent-filter>
95-->src\main\AndroidManifest.xml:80:13-84:29
96                <action android:name="android.intent.action.MAIN" />
96-->src\main\AndroidManifest.xml:81:17-69
96-->src\main\AndroidManifest.xml:81:25-66
97
98                <category android:name="android.intent.category.LAUNCHER" />
98-->src\main\AndroidManifest.xml:83:17-77
98-->src\main\AndroidManifest.xml:83:27-74
99            </intent-filter>
100        </activity>
101        <activity
101-->src\main\AndroidManifest.xml:86:9-88:39
102            android:name="com.example.sweetfish.MainActivity"
102-->src\main\AndroidManifest.xml:87:13-41
103            android:exported="true" />
103-->src\main\AndroidManifest.xml:88:13-36
104
105        <uses-library
105-->[androidx.window:window:1.0.0] AndroidManifest.xml:25:9-27:40
106            android:name="androidx.window.extensions"
106-->[androidx.window:window:1.0.0] AndroidManifest.xml:26:13-54
107            android:required="false" />
107-->[androidx.window:window:1.0.0] AndroidManifest.xml:27:13-37
108        <uses-library
108-->[androidx.window:window:1.0.0] AndroidManifest.xml:28:9-30:40
109            android:name="androidx.window.sidecar"
109-->[androidx.window:window:1.0.0] AndroidManifest.xml:29:13-51
110            android:required="false" />
110-->[androidx.window:window:1.0.0] AndroidManifest.xml:30:13-37
111
112        <provider
112-->[androidx.emoji2:emoji2:1.0.0] AndroidManifest.xml:26:9-34:20
113            android:name="androidx.startup.InitializationProvider"
113-->[androidx.emoji2:emoji2:1.0.0] AndroidManifest.xml:27:13-67
114            android:authorities="com.example.sweetfish.androidx-startup"
114-->[androidx.emoji2:emoji2:1.0.0] AndroidManifest.xml:28:13-68
115            android:exported="false" >
115-->[androidx.emoji2:emoji2:1.0.0] AndroidManifest.xml:29:13-37
116            <meta-data
116-->[androidx.emoji2:emoji2:1.0.0] AndroidManifest.xml:31:13-33:52
117                android:name="androidx.emoji2.text.EmojiCompatInitializer"
117-->[androidx.emoji2:emoji2:1.0.0] AndroidManifest.xml:32:17-75
118                android:value="androidx.startup" />
118-->[androidx.emoji2:emoji2:1.0.0] AndroidManifest.xml:33:17-49
119            <meta-data
119-->[androidx.lifecycle:lifecycle-process:2.4.0] AndroidManifest.xml:31:13-33:52
120                android:name="androidx.lifecycle.ProcessLifecycleInitializer"
120-->[androidx.lifecycle:lifecycle-process:2.4.0] AndroidManifest.xml:32:17-78
121                android:value="androidx.startup" />
121-->[androidx.lifecycle:lifecycle-process:2.4.0] AndroidManifest.xml:33:17-49
122        </provider>
123    </application>
124
125</manifest>